<?xml version="1.0" encoding="UTF-8" ?>
<testsuite failures="0" time="0.017" errors="0" skipped="0" tests="1" name="com.template.model.AppTest">
  <properties>
    <property name="java.runtime.name" value="Java(TM) SE Runtime Environment"/>
    <property name="sun.boot.library.path" value="/usr/java/jdk1.6.0_30/jre/lib/i386"/>
    <property name="java.vm.version" value="20.5-b03"/>
    <property name="java.vm.vendor" value="Sun Microsystems Inc."/>
    <property name="java.vendor.url" value="http://java.sun.com/"/>
    <property name="path.separator" value=":"/>
    <property name="java.vm.name" value="Java HotSpot(TM) Client VM"/>
    <property name="file.encoding.pkg" value="sun.io"/>
    <property name="user.country" value="US"/>
    <property name="sun.java.launcher" value="SUN_STANDARD"/>
    <property name="sun.os.patch.level" value="unknown"/>
    <property name="java.vm.specification.name" value="Java Virtual Machine Specification"/>
    <property name="user.dir" value="/home/hendry.suwanda/MY_PROJECT/ZK/com.template.model"/>
    <property name="java.runtime.version" value="1.6.0_30-b12"/>
    <property name="java.awt.graphicsenv" value="sun.awt.X11GraphicsEnvironment"/>
    <property name="basedir" value="/home/hendry.suwanda/MY_PROJECT/ZK/com.template.model"/>
    <property name="java.endorsed.dirs" value="/usr/java/jdk1.6.0_30/jre/lib/endorsed"/>
    <property name="os.arch" value="i386"/>
    <property name="surefire.real.class.path" value="/home/hendry.suwanda/MY_PROJECT/ZK/com.template.model/target/surefire/surefirebooter2801072101746457937.jar"/>
    <property name="java.io.tmpdir" value="/tmp"/>
    <property name="line.separator" value="
"/>
    <property name="java.vm.specification.vendor" value="Sun Microsystems Inc."/>
    <property name="os.name" value="Linux"/>
    <property name="sun.jnu.encoding" value="UTF-8"/>
    <property name="java.library.path" value="/usr/java/jdk1.6.0_30/jre/lib/i386/client:/usr/java/jdk1.6.0_30/jre/lib/i386:/usr/java/jdk1.6.0_30/jre/../lib/i386:/usr/java/jdk1.6.0_30/jre/lib/i386/client:/usr/java/jdk1.6.0_30/jre/lib/i386:/MY_TOOLS/oracle/product/11.2.0/dbhome_1/lib:/lib:/usr/lib:/usr/java/packages/lib/i386:/lib:/usr/lib"/>
    <property name="surefire.test.class.path" value="/home/hendry.suwanda/MY_PROJECT/ZK/com.template.model/target/test-classes:/home/hendry.suwanda/MY_PROJECT/ZK/com.template.model/target/classes:/home/hendry.suwanda/MY_REPO/junit/junit/3.8.1/junit-3.8.1.jar:/home/hendry.suwanda/MY_REPO/org/springframework/spring-core/3.0.6.RELEASE/spring-core-3.0.6.RELEASE.jar:/home/hendry.suwanda/MY_REPO/org/springframework/spring-asm/3.0.6.RELEASE/spring-asm-3.0.6.RELEASE.jar:/home/hendry.suwanda/MY_REPO/commons-logging/commons-logging/1.1.1/commons-logging-1.1.1.jar:/home/hendry.suwanda/MY_REPO/org/springframework/spring-orm/3.0.6.RELEASE/spring-orm-3.0.6.RELEASE.jar:/home/hendry.suwanda/MY_REPO/org/springframework/spring-beans/3.0.6.RELEASE/spring-beans-3.0.6.RELEASE.jar:/home/hendry.suwanda/MY_REPO/org/springframework/spring-jdbc/3.0.6.RELEASE/spring-jdbc-3.0.6.RELEASE.jar:/home/hendry.suwanda/MY_REPO/org/springframework/spring-tx/3.0.6.RELEASE/spring-tx-3.0.6.RELEASE.jar:/home/hendry.suwanda/MY_REPO/org/springframework/spring-aop/3.0.6.RELEASE/spring-aop-3.0.6.RELEASE.jar:/home/hendry.suwanda/MY_REPO/org/springframework/spring-web/3.0.6.RELEASE/spring-web-3.0.6.RELEASE.jar:/home/hendry.suwanda/MY_REPO/aopalliance/aopalliance/1.0/aopalliance-1.0.jar:/home/hendry.suwanda/MY_REPO/org/springframework/spring-context/3.0.6.RELEASE/spring-context-3.0.6.RELEASE.jar:/home/hendry.suwanda/MY_REPO/org/springframework/spring-expression/3.0.6.RELEASE/spring-expression-3.0.6.RELEASE.jar:/home/hendry.suwanda/MY_REPO/org/hibernate/hibernate-core/3.6.8.Final/hibernate-core-3.6.8.Final.jar:/home/hendry.suwanda/MY_REPO/antlr/antlr/2.7.6/antlr-2.7.6.jar:/home/hendry.suwanda/MY_REPO/commons-collections/commons-collections/3.1/commons-collections-3.1.jar:/home/hendry.suwanda/MY_REPO/dom4j/dom4j/1.6.1/dom4j-1.6.1.jar:/home/hendry.suwanda/MY_REPO/org/hibernate/hibernate-commons-annotations/3.2.0.Final/hibernate-commons-annotations-3.2.0.Final.jar:/home/hendry.suwanda/MY_REPO/org/hibernate/javax/persistence/hibernate-jpa-2.0-api/1.0.1.Final/hibernate-jpa-2.0-api-1.0.1.Final.jar:/home/hendry.suwanda/MY_REPO/javax/transaction/jta/1.1/jta-1.1.jar:/home/hendry.suwanda/MY_REPO/org/slf4j/slf4j-api/1.6.1/slf4j-api-1.6.1.jar:/home/hendry.suwanda/MY_REPO/org/hibernate/hibernate-entitymanager/3.6.8.Final/hibernate-entitymanager-3.6.8.Final.jar:/home/hendry.suwanda/MY_REPO/cglib/cglib/2.2/cglib-2.2.jar:/home/hendry.suwanda/MY_REPO/asm/asm/3.1/asm-3.1.jar:/home/hendry.suwanda/MY_REPO/javassist/javassist/3.12.0.GA/javassist-3.12.0.GA.jar:/home/hendry.suwanda/MY_REPO/org/hibernate/hibernate-c3p0/3.6.8.Final/hibernate-c3p0-3.6.8.Final.jar:/home/hendry.suwanda/MY_REPO/c3p0/c3p0/0.9.1/c3p0-0.9.1.jar:/home/hendry.suwanda/MY_REPO/mysql/mysql-connector-java/5.1.18/mysql-connector-java-5.1.18.jar:"/>
    <property name="java.specification.name" value="Java Platform API Specification"/>
    <property name="java.class.version" value="50.0"/>
    <property name="sun.management.compiler" value="HotSpot Client Compiler"/>
    <property name="os.version" value="2.6.42.7-1.fc15.i686"/>
    <property name="user.home" value="/home/hendry.suwanda"/>
    <property name="user.timezone" value=""/>
    <property name="java.awt.printerjob" value="sun.print.PSPrinterJob"/>
    <property name="file.encoding" value="UTF-8"/>
    <property name="java.specification.version" value="1.6"/>
    <property name="user.name" value="hendry.suwanda"/>
    <property name="java.class.path" value="/home/hendry.suwanda/MY_PROJECT/ZK/com.template.model/target/test-classes:/home/hendry.suwanda/MY_PROJECT/ZK/com.template.model/target/classes:/home/hendry.suwanda/MY_REPO/junit/junit/3.8.1/junit-3.8.1.jar:/home/hendry.suwanda/MY_REPO/org/springframework/spring-core/3.0.6.RELEASE/spring-core-3.0.6.RELEASE.jar:/home/hendry.suwanda/MY_REPO/org/springframework/spring-asm/3.0.6.RELEASE/spring-asm-3.0.6.RELEASE.jar:/home/hendry.suwanda/MY_REPO/commons-logging/commons-logging/1.1.1/commons-logging-1.1.1.jar:/home/hendry.suwanda/MY_REPO/org/springframework/spring-orm/3.0.6.RELEASE/spring-orm-3.0.6.RELEASE.jar:/home/hendry.suwanda/MY_REPO/org/springframework/spring-beans/3.0.6.RELEASE/spring-beans-3.0.6.RELEASE.jar:/home/hendry.suwanda/MY_REPO/org/springframework/spring-jdbc/3.0.6.RELEASE/spring-jdbc-3.0.6.RELEASE.jar:/home/hendry.suwanda/MY_REPO/org/springframework/spring-tx/3.0.6.RELEASE/spring-tx-3.0.6.RELEASE.jar:/home/hendry.suwanda/MY_REPO/org/springframework/spring-aop/3.0.6.RELEASE/spring-aop-3.0.6.RELEASE.jar:/home/hendry.suwanda/MY_REPO/org/springframework/spring-web/3.0.6.RELEASE/spring-web-3.0.6.RELEASE.jar:/home/hendry.suwanda/MY_REPO/aopalliance/aopalliance/1.0/aopalliance-1.0.jar:/home/hendry.suwanda/MY_REPO/org/springframework/spring-context/3.0.6.RELEASE/spring-context-3.0.6.RELEASE.jar:/home/hendry.suwanda/MY_REPO/org/springframework/spring-expression/3.0.6.RELEASE/spring-expression-3.0.6.RELEASE.jar:/home/hendry.suwanda/MY_REPO/org/hibernate/hibernate-core/3.6.8.Final/hibernate-core-3.6.8.Final.jar:/home/hendry.suwanda/MY_REPO/antlr/antlr/2.7.6/antlr-2.7.6.jar:/home/hendry.suwanda/MY_REPO/commons-collections/commons-collections/3.1/commons-collections-3.1.jar:/home/hendry.suwanda/MY_REPO/dom4j/dom4j/1.6.1/dom4j-1.6.1.jar:/home/hendry.suwanda/MY_REPO/org/hibernate/hibernate-commons-annotations/3.2.0.Final/hibernate-commons-annotations-3.2.0.Final.jar:/home/hendry.suwanda/MY_REPO/org/hibernate/javax/persistence/hibernate-jpa-2.0-api/1.0.1.Final/hibernate-jpa-2.0-api-1.0.1.Final.jar:/home/hendry.suwanda/MY_REPO/javax/transaction/jta/1.1/jta-1.1.jar:/home/hendry.suwanda/MY_REPO/org/slf4j/slf4j-api/1.6.1/slf4j-api-1.6.1.jar:/home/hendry.suwanda/MY_REPO/org/hibernate/hibernate-entitymanager/3.6.8.Final/hibernate-entitymanager-3.6.8.Final.jar:/home/hendry.suwanda/MY_REPO/cglib/cglib/2.2/cglib-2.2.jar:/home/hendry.suwanda/MY_REPO/asm/asm/3.1/asm-3.1.jar:/home/hendry.suwanda/MY_REPO/javassist/javassist/3.12.0.GA/javassist-3.12.0.GA.jar:/home/hendry.suwanda/MY_REPO/org/hibernate/hibernate-c3p0/3.6.8.Final/hibernate-c3p0-3.6.8.Final.jar:/home/hendry.suwanda/MY_REPO/c3p0/c3p0/0.9.1/c3p0-0.9.1.jar:/home/hendry.suwanda/MY_REPO/mysql/mysql-connector-java/5.1.18/mysql-connector-java-5.1.18.jar:"/>
    <property name="java.vm.specification.version" value="1.0"/>
    <property name="sun.arch.data.model" value="32"/>
    <property name="java.home" value="/usr/java/jdk1.6.0_30/jre"/>
    <property name="sun.java.command" value="/home/hendry.suwanda/MY_PROJECT/ZK/com.template.model/target/surefire/surefirebooter2801072101746457937.jar /home/hendry.suwanda/MY_PROJECT/ZK/com.template.model/target/surefire/surefire8013237558047387523tmp /home/hendry.suwanda/MY_PROJECT/ZK/com.template.model/target/surefire/surefire3088796127831209562tmp"/>
    <property name="java.specification.vendor" value="Sun Microsystems Inc."/>
    <property name="user.language" value="en"/>
    <property name="java.vm.info" value="mixed mode, sharing"/>
    <property name="java.version" value="1.6.0_30"/>
    <property name="java.ext.dirs" value="/usr/java/jdk1.6.0_30/jre/lib/ext:/usr/java/packages/lib/ext"/>
    <property name="sun.boot.class.path" value="/usr/java/jdk1.6.0_30/jre/lib/resources.jar:/usr/java/jdk1.6.0_30/jre/lib/rt.jar:/usr/java/jdk1.6.0_30/jre/lib/sunrsasign.jar:/usr/java/jdk1.6.0_30/jre/lib/jsse.jar:/usr/java/jdk1.6.0_30/jre/lib/jce.jar:/usr/java/jdk1.6.0_30/jre/lib/charsets.jar:/usr/java/jdk1.6.0_30/jre/lib/modules/jdk.boot.jar:/usr/java/jdk1.6.0_30/jre/classes"/>
    <property name="java.vendor" value="Sun Microsystems Inc."/>
    <property name="localRepository" value="/home/hendry.suwanda/MY_REPO"/>
    <property name="file.separator" value="/"/>
    <property name="java.vendor.url.bug" value="http://java.sun.com/cgi-bin/bugreport.cgi"/>
    <property name="sun.cpu.endian" value="little"/>
    <property name="sun.io.unicode.encoding" value="UnicodeLittle"/>
    <property name="sun.cpu.isalist" value=""/>
  </properties>
  <testcase time="0.003" classname="com.template.model.AppTest" name="testApp"/>
</testsuite>